# Documentation Tasks for Security Monitoring Suite Components
# Created: 01-17-2025
# Last Updated: 01-17-2025

## Log Aggregator Documentation Tasks
1. Architecture Overview
   - [ ] Create high-level architecture diagram
   - [ ] Document component interactions
   - [ ] Describe data flow and processing pipeline
2. API Documentation
   - [ ] Document all REST endpoints
   - [ ] Include request/response examples
   - [ ] Document error codes and handling
3. Configuration
   - [ ] Document all configuration options
   - [ ] Include example configuration files
   - [ ] Document environment variables
4. Deployment
   - [ ] Document Kubernetes deployment requirements
   - [ ] Include Helm chart documentation
   - [ ] Document scaling considerations
5. Usage
   - [ ] Create quick start guide
   - [ ] Document monitoring and alerting
   - [ ] Include troubleshooting guide

## System Monitoring Agent Documentation Tasks
1. Architecture Overview
   - [ ] Create component diagram
   - [ ] Document data collection mechanisms
   - [ ] Describe threat detection process
2. Configuration
   - [ ] Document agent configuration options
   - [ ] Include example configuration files
   - [ ] Document environment variables
3. Deployment
   - [x] Document installation process
   - [x] Include system requirements
   - [x] Document update process
4. Metrics
   - [ ] Document all collected metrics
   - [ ] Include metric definitions
   - [ ] Document metric storage format
5. Usage
   - [ ] Create quick start guide
   - [ ] Document monitoring capabilities
   - [ ] Include troubleshooting guide

## API Gateway Documentation Tasks
1. Architecture Overview
   - [ ] Create system diagram
   - [ ] Document request flow
   - [ ] Describe security mechanisms
2. API Documentation
   - [ ] Document all endpoints
   - [ ] Include request/response examples
   - [ ] Document rate limiting and quotas
3. Configuration
   - [ ] Document gateway configuration
   - [ ] Include example configuration files
   - [ ] Document environment variables
4. Deployment
   - [ ] Document Kubernetes deployment
   - [ ] Include scaling considerations
   - [ ] Document monitoring setup
5. Security
   - [ ] Document authentication mechanisms
   - [ ] Include authorization details
   - [ ] Document security best practices

## General Documentation Tasks
1. [ ] Create consistent documentation style guide
2. [ ] Implement version control for documentation
3. [ ] Set up documentation review process
4. [ ] Create documentation contribution guidelines
5. [ ] Implement automated documentation generation
