# System Monitoring Gateway Implementation Tasks

## Multi-Tenancy Integration Tasks [Priority: High]

### 1. Authentication & Authorization [Priority: High]
Status: Completed

### 2. Route & Middleware Updates [Priority: High]
Status: Completed

### 3. Kafka Integration [Priority: High]
Status: Partially Completed
- [ ] Update Kafka producers
  - [x] Add tenant ID to message format
  - [ ] Implement tenant-specific topics
  - [x] Add tenant metadata to messages
- [ ] Update Kafka consumers
  - [ ] Add tenant filtering
  - [ ] Implement tenant-specific message handling
  - [ ] Add tenant validation for consumed messages
- [x] Message routing
  - [ ] Implement tenant-based routing
  - [x] Add tenant-specific error topics
  - [x] Implement dead letter queues per tenant

[2025-02-14]
- Completed Kafka message routing features:
  - Implemented tenant-specific error topics with proper error handling
  - Added dead letter queue support per tenant
  - Added tenant metadata to message format

### 4. Metrics & Monitoring [Priority: Medium]
Status: Partially Completed
- [x] Update metrics collection
  - [x] Add tenant context to metrics
  - [x] Implement tenant-specific metrics
  - [x] Add usage metrics per tenant
- [ ] Monitoring enhancements
  - [ ] Add tenant-specific health checks
  - [ ] Implement tenant resource monitoring
  - [x] Add tenant activity logging
- [ ] Alerting system
  - [ ] Implement tenant-specific alerts
  - [ ] Add tenant threshold monitoring
  - [ ] Create tenant usage reports

[2025-02-14]
- Completed metrics collection features:
  - Added tenant context to all metrics
  - Implemented tenant-specific metrics handling
  - Added usage metrics tracking per tenant
  - Implemented tenant activity logging

### 5. Data Management [Priority: High]
Status: Partially Completed
- [x] Data isolation
  - [x] Implement tenant data separation
  - [ ] Add tenant-specific data retention
  - [x] Implement data access controls
- [ ] Caching strategy
  - [ ] Implement tenant-aware caching
  - [ ] Add cache isolation per tenant
  - [ ] Update cache invalidation
- [x] Data validation
  - [x] Add tenant-specific validation rules
  - [x] Implement data sanitization
  - [x] Add data integrity checks

[2025-02-14]
- Completed data management features:
  - Implemented complete tenant data separation
  - Added robust data access controls
  - Implemented tenant-specific validation rules
  - Added comprehensive data integrity checks

### 6. Testing & Documentation [Priority: High]
Status: Pending
- [ ] Testing updates
  - [ ] Add multi-tenant test cases
  - [ ] Implement tenant isolation tests
  - [ ] Add performance tests per tenant
- [ ] Integration testing
  - [ ] Test with agent integration
  - [ ] Test with log-aggregator
  - [ ] Add end-to-end tenant tests
- [ ] Documentation
  - [ ] Update API documentation
  - [ ] Add tenant setup guides
  - [ ] Create troubleshooting guides

### 7. Security Enhancements [Priority: High]
Status: Pending
- [ ] Security measures
  - [ ] Implement tenant data encryption
  - [ ] Add tenant-specific security headers
  - [ ] Implement request signing
- [ ] Audit logging
  - [ ] Add tenant-specific audit logs
  - [ ] Implement audit trail
  - [ ] Add security event logging
- [ ] Compliance
  - [ ] Implement data privacy measures
  - [ ] Add compliance logging
  - [ ] Create compliance reports

## Progress Updates

### 8. Performance & Scalability [Priority: Critical]
Status: Pending
- [ ] Load Management
  - [ ] Implement request batching for bulk metrics
  - [ ] Add compression for payload optimization
  - [ ] Implement efficient payload parsing
- [ ] Caching Strategy
  - [ ] Add Redis/Memcached integration
  - [ ] Implement cache warming strategies
  - [ ] Add cache hit ratio monitoring
- [ ] Connection Management
  - [ ] Implement connection pooling
  - [ ] Add WebSocket support for real-time metrics
  - [ ] Implement keep-alive optimization

### 9. High Availability & Resilience [Priority: Critical]
Status: Pending
- [ ] Circuit Breaking
  - [ ] Implement circuit breakers for external services
  - [ ] Add fallback mechanisms
  - [ ] Implement retry strategies
- [ ] Load Balancing
  - [ ] Add support for horizontal scaling
  - [ ] Implement consistent hashing for tenant routing
  - [ ] Add health checks for load balancers
- [ ] Failover Strategy
  - [ ] Implement leader election
  - [ ] Add regional failover support
  - [ ] Implement data replication

### 10. MongoDB Integration for Tenant Management [Priority: Critical]
Status: Completed

[2025-01-30]
- Completed MongoDB Integration for Tenant Management:
  - Implemented MongoDB models for tenants and API keys with proper schemas
  - Created MongoDB service layer with CRUD operations
  - Added connection pooling and health checks
  - Integrated with application startup and health monitoring
  - Created mock service for testing environment
  - Refactored API Key service to use MongoDB storage
  - Updated mock implementations for testing

### 11. Infrastructure & Deployment [Priority: High]
Status: Pending
- [ ] Container Optimization
  - [ ] Optimize Docker image size
  - [ ] Implement container health checks
  - [ ] Add resource limits and requests
- [ ] Kubernetes Integration
  - [ ] Add horizontal pod autoscaling
  - [ ] Implement pod disruption budgets
  - [ ] Add network policies
- [ ] Monitoring & Alerts
  - [ ] Add prometheus metrics
  - [ ] Implement grafana dashboards
  - [ ] Add performance alerts

### 12. User Management Implementation [Priority: High]
Status: Completed
- [x] User Authentication System
  - [x] Implement user registration endpoints
  - [x] Add login/logout functionality
  - [x] Implement password reset flow
  - [x] Add email verification
- [x] User Authorization
  - [x] Implement user roles (Admin, Team Lead, Member)
  - [x] Add permission-based access control
  - [x] Implement user session management
- [x] User Data Management
  - [x] Create user profile endpoints
  - [x] Implement user preferences
  - [x] Add user activity logging

### 13. Team/Company Management [Priority: High]
Status: Completed
- [x] Team Structure
  - [x] Create team CRUD endpoints
  - [x] Implement team member management
  - [x] Add team roles and permissions
  - [x] Create team invitation system
- [x] Company/Tenant Integration
  - [x] Link teams to tenants
  - [x] Implement company-wide settings
  - [x] Add team resource allocation
  - [x] Create team hierarchy system
- [x] Team Collaboration
  - [x] Implement team notifications through audit logs
  - [x] Add team audit logs in MongoDB
  - [x] Create team resource sharing through permissions

[2025-02-02]
- Completed Team/Company Management Implementation:
  - Created Team model with MongoDB schema
  - Implemented TeamService with full CRUD operations
  - Added team member management with role-based permissions
  - Created team hierarchy system with parent-child relationships
  - Implemented team resource quotas and settings
  - Added team audit logging through MongoDB
  - Created team API endpoints with validation
  - Integrated with tenant system for proper isolation
  - Added proper error handling and validation
  - Implemented team resource sharing capabilities

[2025-02-02]
- Completed Team Structure Implementation:
  - Created Team model with MongoDB schema
  - Implemented TeamService with CRUD operations
  - Added team member management endpoints
  - Implemented team roles (Owner, Admin, Member)
  - Created team invitation system with email notifications
  - Added team member permissions management
  - Implemented team access control middleware
  - Created team validation and error handling
  - Added team activity logging
  - Integrated with User Management system

### 14. API and Integration Updates [Priority: Medium]
Status: Pending
- [ ] API Enhancement
  - [ ] Update API endpoints for user context
  - [ ] Add team-based API restrictions
  - [ ] Implement user activity tracking
  - [ ] Add rate limiting per team
- [ ] Dashboard Integration
  - [ ] Add user management UI
  - [ ] Create team management interface
  - [ ] Implement role-based dashboard views
  - [ ] Add team analytics
- [ ] Security Updates
  - [ ] Implement team-based encryption
  - [ ] Add user session monitoring
  - [ ] Create security audit logs

[2025-02-02]
- Added comprehensive user and team management tasks:
  - Created user authentication and authorization plan
  - Added team/company management structure
  - Planned API and dashboard integration updates
  - Enhanced security measures for user and team data
  - Added collaboration and resource sharing features

[2025-02-02]
- Completed User Management Implementation:
  - Created User model with MongoDB schema
  - Implemented UserService with CRUD operations
  - Added user authentication endpoints (register/login)
  - Implemented password hashing and verification
  - Added email verification system
  - Created password reset functionality
  - Implemented role-based access control
  - Added user profile management
  - Created admin-only user management endpoints
  - Integrated with existing tenant system
  - Added security measures (password hashing, token management)
  - Implemented proper error handling and validation

[2025-02-02]
- Completed Team Structure Implementation Phase:
  - Created Team model with MongoDB schema and validation
  - Implemented TeamService with full CRUD operations
  - Added team member management with role-based permissions
  - Created team invitation system with email notifications
  - Implemented team access control middleware
  - Added team activity logging and audit trails
  - Integrated with User Management system
  - Created team validation and error handling
  - Added team member permissions management
  - Set up team-specific security measures
  - Next focus: Company/Tenant Integration and Team Collaboration features

## Next Steps
1. Begin authentication & authorization implementation
2. Update routes and middleware
3. Enhance Kafka integration
4. Implement performance & scalability measures
5. Set up high availability infrastructure
6. Establish data management practices
7. Implement security measures
8. Performance & Scalability
9. High Availability & Resilience
10. Infrastructure & Deployment
11. User Management Implementation
12. Team/Company Management
13. API and Dashboard Integration
