# System Monitoring Gateway Implementation Tasks

## Multi-Tenancy Integration Tasks [Priority: High]

### 1. Authentication & Authorization [Priority: High]
Status: Completed
- [x] Implement tenant authentication
  - [x] Add tenant ID validation middleware
  - [x] Implement API key validation
  - [x] Add JWT token support with tenant claims
- [x] Authorization system
  - [x] Implement role-based access control (RBAC)
  - [x] Add tenant-specific permissions
  - [x] Implement resource-level authorization
- [x] API key management
  - [x] Create API key generation endpoints
  - [x] Implement key rotation endpoints
  - [x] Add key revocation functionality

### 2. Route & Middleware Updates [Priority: High]
Status: Completed
- [x] Update existing routes
  - [x] Add tenant context to all routes
  - [x] Implement tenant validation middleware
  - [x] Add rate limiting per tenant
- [x] Error handling
  - [x] Add tenant-specific error responses
  - [x] Implement tenant validation errors
  - [x] Add tenant context to error logging
- [x] Request validation
  - [x] Update validation middleware for tenant context
  - [x] Add tenant-specific validation rules
  - [x] Implement request sanitization

### 3. Kafka Integration [Priority: High]
Status: Pending
- [ ] Update Kafka producers
  - [ ] Add tenant ID to message format
  - [ ] Implement tenant-specific topics
  - [ ] Add tenant metadata to messages
- [ ] Update Kafka consumers
  - [ ] Add tenant filtering
  - [ ] Implement tenant-specific message handling
  - [ ] Add tenant validation for consumed messages
- [ ] Message routing
  - [ ] Implement tenant-based routing
  - [ ] Add tenant-specific error topics
  - [ ] Implement dead letter queues per tenant

### 4. Metrics & Monitoring [Priority: Medium]
Status: Pending
- [ ] Update metrics collection
  - [ ] Add tenant context to metrics
  - [ ] Implement tenant-specific metrics
  - [ ] Add usage metrics per tenant
- [ ] Monitoring enhancements
  - [ ] Add tenant-specific health checks
  - [ ] Implement tenant resource monitoring
  - [ ] Add tenant activity logging
- [ ] Alerting system
  - [ ] Implement tenant-specific alerts
  - [ ] Add tenant threshold monitoring
  - [ ] Create tenant usage reports

### 5. Data Management [Priority: High]
Status: Pending
- [ ] Data isolation
  - [ ] Implement tenant data separation
  - [ ] Add tenant-specific data retention
  - [ ] Implement data access controls
- [ ] Caching strategy
  - [ ] Implement tenant-aware caching
  - [ ] Add cache isolation per tenant
  - [ ] Update cache invalidation
- [ ] Data validation
  - [ ] Add tenant-specific validation rules
  - [ ] Implement data sanitization
  - [ ] Add data integrity checks

### 6. Testing & Documentation [Priority: High]
Status: Pending
- [ ] Testing updates
  - [ ] Add multi-tenant test cases
  - [ ] Implement tenant isolation tests
  - [ ] Add performance tests per tenant
- [ ] Integration testing
  - [ ] Test with agent integration
  - [ ] Test with log-aggregator
  - [ ] Add end-to-end tenant tests
- [ ] Documentation
  - [ ] Update API documentation
  - [ ] Add tenant setup guides
  - [ ] Create troubleshooting guides

### 7. Security Enhancements [Priority: High]
Status: Pending
- [ ] Security measures
  - [ ] Implement tenant data encryption
  - [ ] Add tenant-specific security headers
  - [ ] Implement request signing
- [ ] Audit logging
  - [ ] Add tenant-specific audit logs
  - [ ] Implement audit trail
  - [ ] Add security event logging
- [ ] Compliance
  - [ ] Implement data privacy measures
  - [ ] Add compliance logging
  - [ ] Create compliance reports

## Progress Updates

[2025-01-24]
- Completed Route & Middleware Updates:
  - Added tenant validation middleware with rate limiting
  - Implemented tenant-specific error handling
  - Updated API routes with versioning
  - Added request tracking and tenant context
  - Enhanced error responses with tenant information
  - Improved middleware organization

[2025-01-24]
- Completed Authentication & Authorization implementation:
  - Added JWT token validation with tenant claims
  - Created API key validation system
  - Implemented API key management endpoints
  - Added tenant context to request pipeline
  - Set up authentication flow for different routes
  - Implemented secure key rotation and revocation

[2025-01-21]
- Created initial multi-tenancy task list
- Identified key areas requiring updates
- Aligned implementation plan with system-monitoring-agent changes
- Added comprehensive security measures
- Created detailed testing requirements

### 8. Performance & Scalability [Priority: Critical]
Status: Pending
- [ ] Load Management
  - [ ] Implement request batching for bulk metrics
  - [ ] Add compression for payload optimization
  - [ ] Implement efficient payload parsing
- [ ] Caching Strategy
  - [ ] Add Redis/Memcached integration
  - [ ] Implement cache warming strategies
  - [ ] Add cache hit ratio monitoring
- [ ] Connection Management
  - [ ] Implement connection pooling
  - [ ] Add WebSocket support for real-time metrics
  - [ ] Implement keep-alive optimization

### 9. High Availability & Resilience [Priority: Critical]
Status: Pending
- [ ] Circuit Breaking
  - [ ] Implement circuit breakers for external services
  - [ ] Add fallback mechanisms
  - [ ] Implement retry strategies
- [ ] Load Balancing
  - [ ] Add support for horizontal scaling
  - [ ] Implement consistent hashing for tenant routing
  - [ ] Add health checks for load balancers
- [ ] Failover Strategy
  - [ ] Implement leader election
  - [ ] Add regional failover support
  - [ ] Implement data replication

### 10. Infrastructure & Deployment [Priority: High]
Status: Pending
- [ ] Container Optimization
  - [ ] Optimize Docker image size
  - [ ] Implement container health checks
  - [ ] Add resource limits and requests
- [ ] Kubernetes Integration
  - [ ] Add horizontal pod autoscaling
  - [ ] Implement pod disruption budgets
  - [ ] Add network policies
- [ ] Monitoring & Alerts
  - [ ] Add prometheus metrics
  - [ ] Implement grafana dashboards
  - [ ] Add performance alerts

## Next Steps
1. Begin authentication & authorization implementation
2. Update routes and middleware
3. Enhance Kafka integration
4. Implement performance & scalability measures
5. Set up high availability infrastructure
6. Establish data management practices
7. Implement security measures
8. Performance & Scalability
9. High Availability & Resilience
10. Infrastructure & Deployment
