# Log Aggregator Implementation Tasks

[Previous log entries remain unchanged...]

# Mini-XDR System Implementation Plan

## Phase 1: Core Event Processing [Priority: High]

### 1. Event Ingestion System [Priority: High]
Status: In Progress
- [x] Set up Kafka integration
  - Implemented Kafka consumer with proper error handling
  - Added support for SASL and TLS security
  - Implemented graceful shutdown handling
- [x] Create event normalization pipeline
  - Created Event domain model with validation
  - Implemented message normalization in Kafka consumer
  - Added support for different event types
- [x] Implement event validation
  - Added validation for required fields
  - Implemented type checking for event fields
  - Added severity level validation
- [ ] Add event enrichment system
- [ ] Create event correlation engine
- [ ] Implement event prioritization
- [ ] Add event deduplication
- [x] Add unit tests for the code added

[2024-01-25]
- Created basic project structure with proper Go module setup
- Implemented core Event domain model with validation
- Added Kafka consumer with proper error handling and graceful shutdown
- Implemented event normalization and validation pipeline
- Created event service with processor interface for extensibility
- Added system metrics and network traffic processors
- Created configuration management with YAML support
- Added structured logging with Zap

Next steps:
1. Implement event enrichment system
2. Create event correlation engine
3. Add event prioritization logic
4. Implement event deduplication

- [x] Add alert management endpoints
- [x] Create trend analysis endpoints
- [x] Add authentication middleware
- [x] Implement rate limiting
- [x] Add API documentation (Swagger/OpenAPI)
- [ ] Add kubernetes services for local testing (node port) in the `infra/k8s/`

[2024-01-22]
- Added enhanced log querying endpoints with time-range support
- Added alert management endpoints with status and severity filtering
- Implemented trend analysis endpoint for alerts
- Added API key authentication with environment variable support
- Added rate limiting (100 requests/minute) using sliding window
- Added Swagger/OpenAPI documentation for all endpoints
- Added consistent response structures and error handling
- Added request ID tracking and CORS support

### 4. Performance Optimization [Priority: Medium]
Status: Completed
- [x] Implement database connection pooling
  - Added configurable MaxOpenConns, MaxIdleConns, and ConnMaxLifetime settings
  - Added validation for connection pool settings
  - Updated config.yaml with default values
  - Added logging of connection pool configuration
- [x] Add caching layer for frequent queries
  - Implemented in-memory cache with TTL support
  - Added cache key generation for different query types
  - Added configurable cache settings (TTL, cleanup interval)
  - Implemented cache invalidation for write operations
  - Added cache support for single log, list, and time range queries
- [x] Optimize batch processing
  - Implemented bulk inserts using single query with multiple value sets
  - Added configurable batch size with default of 1000
  - Implemented batch chunking for large datasets
  - Added transaction support for atomic batch operations
  - Added logging of batch operations
- [x] Add database indexes for common queries
  - Added index for ID lookups
  - Added index for timestamp-based ordering
  - Added compound index for timestamp range queries
  - Added indexes for host and level filtering
  - Created migration file for index management
- [x] Implement query optimization
  - Optimized pagination using CTEs and ROW_NUMBER()
  - Improved time range queries with better filtering
  - Added efficient count method for time ranges
  - Optimized ORDER BY operations with window functions
  - Used parameterized queries for better plan caching

[2024-01-24]
- Implemented configurable database connection pooling
- Added validation for connection pool settings
- Updated configuration with default values (25 max open, 5 max idle, 5 min lifetime)
- Implemented in-memory caching system with the following features:
  - Configurable TTL for different query types
  - Automatic cache cleanup
  - Cache invalidation on write operations
  - Support for single log, list, and time range queries
- Optimized batch processing with:
  - Bulk insert operations using parameterized queries
  - Configurable batch size (default: 1000)
  - Automatic batch chunking for memory efficiency
  - Transaction support for data consistency
- Added database indexes for common query patterns:
  - Primary key and ID lookup optimization
  - Timestamp-based sorting optimization
  - Range query optimization with compound index
  - Added indexes for common filters (host, level)
- Optimized database queries:
  - Implemented efficient pagination using CTEs
  - Improved time range query performance
  - Added optimized count operations
  - Used window functions for better sorting


### 5. Monitoring and Metrics [Priority: Medium]
Status: Pending
- [ ] Add service health endpoints
- [ ] Implement metric collection
- [ ] Add logging for system operations
- [ ] Create dashboard configurations
- [ ] Set up alerting for service health

# Network Protocol Analyzer Implementation Plan

## Phase 1: Core Packet Capture Engine [Priority: High]

### 1. Packet Capture Implementation [Priority: High]
Status: Pending
- [ ] Set up basic project structure with Go modules
- [ ] Implement packet capture using gopacket
- [ ] Create packet filtering system (by protocol, port, IP)
- [ ] Implement multi-threaded packet processing
- [ ] Add packet metadata extraction
- [ ] Create SQLite database schema for packet storage
- [ ] Implement basic logging system

### 2. Traffic Analysis Engine [Priority: High]
Status: Pending
- [ ] Implement traffic pattern analysis
- [ ] Create traffic volume monitoring
- [ ] Add protocol anomaly detection
- [ ] Implement connection tracking
- [ ] Create baseline traffic profiling
- [ ] Add statistical analysis functions
- [ ] Implement data rate monitoring

### 3. Enhanced Security Features [NEW] [Priority: High]
Status: Planned
- [ ] Implement TLS/SSL traffic analysis
- [ ] Add DNS traffic monitoring and analysis
- [ ] Create advanced port scan detection
- [ ] Implement protocol-specific analyzers (HTTP, DNS, SMTP)
- [ ] Add behavioral analysis engine
- [ ] Implement traffic classification system
- [ ] Create signature-based threat detection

### 4. Integration Features [NEW] [Priority: Medium]
Status: Planned
- [ ] Create Kafka producer for event streaming
- [ ] Implement integration with Mini-XDR system
- [ ] Add REST API endpoints for external systems
- [ ] Create shared event format with other components
- [ ] Implement real-time alert forwarding
- [ ] Add data export capabilities
- [ ] Create plugin system for custom analyzers

### 5. Dashboard and Visualization [Priority: Medium]
Status: Pending
- [ ] Set up React project structure
- [ ] Create real-time traffic visualization
- [ ] Implement packet analysis views
- [ ] Add alert management interface
- [ ] Create traffic pattern graphs
- [ ] Implement responsive design
- [ ] Add advanced filtering capabilities
- [ ] Create custom dashboard layouts

# Mini-XDR System Implementation Plan

## Phase 1: Core Event Processing [Priority: High]

### 1. Event Ingestion System [Priority: High]
Status: In Progress
- [x] Set up Kafka integration
  - Implemented Kafka consumer with proper error handling
  - Added support for SASL and TLS security
  - Implemented graceful shutdown handling
- [x] Create event normalization pipeline
  - Created Event domain model with validation
  - Implemented message normalization in Kafka consumer
  - Added support for different event types
- [x] Implement event validation
  - Added validation for required fields
  - Implemented type checking for event fields
  - Added severity level validation
- [ ] Add event enrichment system
- [ ] Create event correlation engine
- [ ] Implement event prioritization
- [ ] Add event deduplication
- [x] Add unit tests for the code added

[2024-01-25]
- Created basic project structure with proper Go module setup
- Implemented core Event domain model with validation
- Added Kafka consumer with proper error handling and graceful shutdown
- Implemented event normalization and validation pipeline
- Created event service with processor interface for extensibility
- Added system metrics and network traffic processors
- Created configuration management with YAML support
- Added structured logging with Zap

Next steps:
1. Implement event enrichment system
2. Create event correlation engine
3. Add event prioritization logic
4. Implement event deduplication

### 2. Enhanced Detection Engine [NEW] [Priority: High]
Status: Planned
- [ ] Implement multi-source correlation rules
- [ ] Create ML-based anomaly detection
- [ ] Add behavioral analytics engine
- [ ] Implement MITRE ATT&CK mapping
- [ ] Create custom detection rule builder
- [ ] Add threat intelligence integration
- [ ] Implement automated threat hunting
- [ ] Create incident scoring system

### 3. Advanced Response System [NEW] [Priority: High]
Status: Planned
- [ ] Create automated response workflows
- [ ] Implement playbook engine
- [ ] Add SOAR integration capabilities
- [ ] Create response effectiveness tracking
- [ ] Implement automated containment actions
- [ ] Add incident management system
- [ ] Create response templates library
- [ ] Implement response automation rules

### 4. Integration Hub [NEW] [Priority: Medium]
Status: Planned
- [ ] Create unified API gateway
- [ ] Implement data source connectors
- [ ] Add SIEM integration capabilities
- [ ] Create custom integration framework
- [ ] Implement data transformation engine
- [ ] Add API authentication system
- [ ] Create integration monitoring

### 5. Advanced Analytics Platform [NEW] [Priority: Medium]
Status: Planned
- [ ] Implement machine learning pipeline
- [ ] Create threat prediction models
- [ ] Add risk scoring engine
- [ ] Implement behavior profiling
- [ ] Create trend analysis system
- [ ] Add predictive analytics
- [ ] Implement custom analytics builder

## Shared Infrastructure Components [NEW]

### 1. Unified Authentication System [Priority: High]
Status: Planned
- [ ] Implement OAuth2/OIDC authentication
- [ ] Create role-based access control
- [ ] Add multi-factor authentication
- [ ] Implement API key management
- [ ] Create audit logging system

### 2. Shared Data Storage [Priority: High]
Status: Planned
- [ ] Set up distributed database cluster
- [ ] Implement data partitioning
- [ ] Create backup and recovery system
- [ ] Add data retention policies
- [ ] Implement data encryption

### 3. Monitoring and Observability [Priority: Medium]
Status: Planned
- [ ] Set up centralized logging
- [ ] Implement distributed tracing
- [ ] Create performance monitoring
- [ ] Add health check system
- [ ] Implement metrics collection

## Next Steps
1. Begin implementation of packet capture engine for Network Analyzer
2. Set up Kafka infrastructure for Mini-XDR
3. Create shared libraries for common functionality
4. Implement basic event correlation engine
5. Develop initial dashboard prototypes

## Notes
- All components should implement proper error handling and logging
- Security testing should be integrated from the start
- Regular security audits should be scheduled
- Documentation should be maintained alongside development
- All new features should follow the project's coding standards
- Integration tests should be written for all components
- Performance benchmarks should be established early
